/home/coke/perl5/perlbrew/perls/perl-5.20.1/bin/perl -MExtUtils::Command -e mkpath gen/moar/stage1/gen
/home/coke/perl5/perlbrew/perls/perl-5.20.1/bin/perl tools/build/gen-cat.pl moar src/core/NativeTypes.nqp src/core/NQPRoutine.nqp src/core/NQPMu.nqp src/core/NQPCapture.nqp src/core/IO.nqp src/core/Regex.nqp src/core/Hash.nqp src/core/testing.nqp src/core/YOUAREHERE.nqp  > gen/moar/stage1/NQPCORE.setting
/home/coke/sandbox/perl6-roast-data/nqp.js/install/bin/moar --libpath=src/vm/moar/stage0 src/vm/moar/stage0/nqp.moarvm --bootstrap --module-path=gen/moar/stage1 --setting=NULL --no-regex-lib --target=mbc \
    --output=gen/moar/stage1/NQPCORE.setting.moarvm gen/moar/stage1/NQPCORE.setting
/home/coke/perl5/perlbrew/perls/perl-5.20.1/bin/perl -MExtUtils::Command -e mkpath gen/moar/stage1/gen
/home/coke/perl5/perlbrew/perls/perl-5.20.1/bin/perl tools/build/gen-cat.pl moar src/QAST/CompileTimeValue.nqp src/QAST/SpecialArg.nqp src/QAST/Children.nqp src/QAST/Node.nqp src/QAST/NodeList.nqp src/QAST/Regex.nqp src/QAST/IVal.nqp src/QAST/NVal.nqp src/QAST/SVal.nqp src/QAST/BVal.nqp src/QAST/WVal.nqp src/QAST/Want.nqp src/QAST/Var.nqp src/QAST/VarWithFallback.nqp src/QAST/ParamTypeCheck.nqp src/QAST/Op.nqp src/QAST/VM.nqp src/QAST/Stmts.nqp src/QAST/Stmt.nqp src/QAST/Block.nqp src/QAST/Unquote.nqp src/QAST/CompUnit.nqp src/QAST/InlinePlaceholder.nqp  > gen/moar/stage1/QASTNode.nqp
/home/coke/sandbox/perl6-roast-data/nqp.js/install/bin/moar --libpath=src/vm/moar/stage0 src/vm/moar/stage0/nqp.moarvm --bootstrap --module-path=gen/moar/stage1 --setting-path=gen/moar/stage1 \
    --setting=NQPCORE --no-regex-lib --target=mbc \
    --output=gen/moar/stage1/QASTNode.moarvm gen/moar/stage1/QASTNode.nqp
/home/coke/perl5/perlbrew/perls/perl-5.20.1/bin/perl -MExtUtils::Command -e mkpath gen/moar/stage1/gen
/home/coke/perl5/perlbrew/perls/perl-5.20.1/bin/perl tools/build/gen-cat.pl moar src/QRegex/NFA.nqp src/QRegex/Cursor.nqp  > gen/moar/stage1/QRegex.nqp
/home/coke/sandbox/perl6-roast-data/nqp.js/install/bin/moar --libpath=src/vm/moar/stage0 src/vm/moar/stage0/nqp.moarvm --bootstrap --module-path=gen/moar/stage1 --setting-path=gen/moar/stage1 \
    --setting=NQPCORE --no-regex-lib --target=mbc \
    --output=gen/moar/stage1/QRegex.moarvm gen/moar/stage1/QRegex.nqp
/home/coke/perl5/perlbrew/perls/perl-5.20.1/bin/perl -MExtUtils::Command -e mkpath gen/moar/stage1/gen
/home/coke/perl5/perlbrew/perls/perl-5.20.1/bin/perl tools/build/gen-cat.pl moar src/vm/moar/HLL/Backend.nqp src/HLL/Grammar.nqp src/HLL/Actions.nqp src/HLL/Compiler.nqp src/HLL/CommandLine.nqp src/HLL/World.nqp src/HLL/sprintf.nqp  > gen/moar/stage1/NQPHLL.nqp
/home/coke/sandbox/perl6-roast-data/nqp.js/install/bin/moar --libpath=src/vm/moar/stage0 src/vm/moar/stage0/nqp.moarvm --bootstrap --module-path=gen/moar/stage1 --setting-path=gen/moar/stage1 \
    --setting=NQPCORE --no-regex-lib --target=mbc \
    --output=gen/moar/stage1/NQPHLL.moarvm gen/moar/stage1/NQPHLL.nqp
/home/coke/sandbox/perl6-roast-data/nqp.js/install/bin/moar --libpath=src/vm/moar/stage0 src/vm/moar/stage0/nqp.moarvm --bootstrap --module-path=gen/moar/stage1 --setting-path=gen/moar/stage1 \
    --setting=NQPCORE --no-regex-lib --target=mbc \
    --output=gen/moar/stage1/MASTOps.moarvm /home/coke/sandbox/perl6-roast-data/nqp.js/install/share/nqp/lib/MAST/Ops.nqp
/home/coke/sandbox/perl6-roast-data/nqp.js/install/bin/moar --libpath=src/vm/moar/stage0 src/vm/moar/stage0/nqp.moarvm --bootstrap --module-path=gen/moar/stage1 --setting-path=gen/moar/stage1 \
    --setting=NQPCORE --no-regex-lib --target=mbc \
    --output=gen/moar/stage1/MASTNodes.moarvm /home/coke/sandbox/perl6-roast-data/nqp.js/install/share/nqp/lib/MAST/Nodes.nqp
/home/coke/perl5/perlbrew/perls/perl-5.20.1/bin/perl -MExtUtils::Command -e mkpath gen/moar/stage1/gen
/home/coke/perl5/perlbrew/perls/perl-5.20.1/bin/perl tools/build/gen-cat.pl moar src/vm/moar/QAST/QASTRegexCompilerMAST.nqp src/vm/moar/QAST/QASTOperationsMAST.nqp src/vm/moar/QAST/QASTCompilerMAST.nqp  > gen/moar/stage1/QAST.nqp
/home/coke/sandbox/perl6-roast-data/nqp.js/install/bin/moar --libpath=src/vm/moar/stage0 src/vm/moar/stage0/nqp.moarvm --bootstrap --module-path=gen/moar/stage1 --setting-path=gen/moar/stage1 \
    --setting=NQPCORE --no-regex-lib --target=mbc \
    --output=gen/moar/stage1/QAST.moarvm gen/moar/stage1/QAST.nqp
/home/coke/perl5/perlbrew/perls/perl-5.20.1/bin/perl -MExtUtils::Command -e mkpath gen/moar/stage1/gen
/home/coke/perl5/perlbrew/perls/perl-5.20.1/bin/perl tools/build/gen-cat.pl moar src/QRegex/P6Regex/Grammar.nqp src/QRegex/P6Regex/Actions.nqp src/QRegex/P6Regex/Compiler.nqp src/QRegex/P6Regex/Optimizer.nqp  > gen/moar/stage1/NQPP6QRegex.nqp
/home/coke/sandbox/perl6-roast-data/nqp.js/install/bin/moar --libpath=src/vm/moar/stage0 src/vm/moar/stage0/nqp.moarvm --bootstrap --module-path=gen/moar/stage1 --setting-path=gen/moar/stage1 \
    --setting=NQPCORE --no-regex-lib --target=mbc \
    --output=gen/moar/stage1/NQPP6QRegex.moarvm gen/moar/stage1/NQPP6QRegex.nqp
/home/coke/perl5/perlbrew/perls/perl-5.20.1/bin/perl -MExtUtils::Command -e mkpath gen/moar/stage1/gen
/home/coke/perl5/perlbrew/perls/perl-5.20.1/bin/perl tools/build/gen-version.pl > gen/moar/stage1/nqp-config.nqp
/home/coke/perl5/perlbrew/perls/perl-5.20.1/bin/perl tools/build/gen-cat.pl moar src/vm/moar/NQP/Ops.nqp src/NQP/World.nqp src/NQP/Grammar.nqp src/NQP/Optimizer.nqp src/NQP/Actions.nqp src/NQP/Compiler.nqp  gen/moar/stage1/nqp-config.nqp > gen/moar/stage1/NQP.nqp
/home/coke/sandbox/perl6-roast-data/nqp.js/install/bin/moar --libpath=src/vm/moar/stage0 src/vm/moar/stage0/nqp.moarvm --bootstrap --module-path=gen/moar/stage1 --setting-path=gen/moar/stage1 \
    --setting=NQPCORE --target=mbc --no-regex-lib \
    --output=gen/moar/stage1/nqp.moarvm gen/moar/stage1/NQP.nqp
/home/coke/perl5/perlbrew/perls/perl-5.20.1/bin/perl -MExtUtils::Command -e mkpath gen/moar/stage2/gen
/home/coke/perl5/perlbrew/perls/perl-5.20.1/bin/perl tools/build/gen-cat.pl moar src/how/Archetypes.nqp src/how/RoleToRoleApplier.nqp src/how/NQPConcreteRoleHOW.nqp src/how/RoleToClassApplier.nqp src/how/NQPCurriedRoleHOW.nqp src/how/NQPParametricRoleHOW.nqp src/how/NQPClassHOW.nqp src/how/NQPNativeHOW.nqp src/how/NQPAttribute.nqp src/how/NQPModuleHOW.nqp src/how/EXPORTHOW.nqp  > gen/moar/stage2/nqpmo.nqp
/home/coke/sandbox/perl6-roast-data/nqp.js/install/bin/moar --libpath=gen/moar/stage1 gen/moar/stage1/nqp.moarvm --bootstrap --setting=NULL --no-regex-lib --target=mbc \
    --output=gen/moar/stage2/nqpmo.moarvm gen/moar/stage2/nqpmo.nqp
/home/coke/sandbox/perl6-roast-data/nqp.js/install/bin/moar --libpath=gen/moar/stage1 gen/moar/stage1/nqp.moarvm --bootstrap --setting=NULL --no-regex-lib --target=mbc \
    --output=gen/moar/stage2/ModuleLoader.moarvm src/vm/moar/ModuleLoader.nqp
/home/coke/perl5/perlbrew/perls/perl-5.20.1/bin/perl -MExtUtils::Command -e mkpath gen/moar/stage2/gen
/home/coke/perl5/perlbrew/perls/perl-5.20.1/bin/perl tools/build/gen-cat.pl moar src/core/NativeTypes.nqp src/core/NQPRoutine.nqp src/core/NQPMu.nqp src/core/NQPCapture.nqp src/core/IO.nqp src/core/Regex.nqp src/core/Hash.nqp src/core/testing.nqp src/core/YOUAREHERE.nqp  > gen/moar/stage2/NQPCORE.setting
/home/coke/sandbox/perl6-roast-data/nqp.js/install/bin/moar --libpath=gen/moar/stage1 gen/moar/stage1/nqp.moarvm --bootstrap --module-path=gen/moar/stage2 --setting=NULL --no-regex-lib --target=mbc \
    --output=gen/moar/stage2/NQPCORE.setting.moarvm gen/moar/stage2/NQPCORE.setting
/home/coke/perl5/perlbrew/perls/perl-5.20.1/bin/perl -MExtUtils::Command -e mkpath gen/moar/stage2/gen
/home/coke/perl5/perlbrew/perls/perl-5.20.1/bin/perl tools/build/gen-cat.pl moar src/QAST/CompileTimeValue.nqp src/QAST/SpecialArg.nqp src/QAST/Children.nqp src/QAST/Node.nqp src/QAST/NodeList.nqp src/QAST/Regex.nqp src/QAST/IVal.nqp src/QAST/NVal.nqp src/QAST/SVal.nqp src/QAST/BVal.nqp src/QAST/WVal.nqp src/QAST/Want.nqp src/QAST/Var.nqp src/QAST/VarWithFallback.nqp src/QAST/ParamTypeCheck.nqp src/QAST/Op.nqp src/QAST/VM.nqp src/QAST/Stmts.nqp src/QAST/Stmt.nqp src/QAST/Block.nqp src/QAST/Unquote.nqp src/QAST/CompUnit.nqp src/QAST/InlinePlaceholder.nqp  > gen/moar/stage2/QASTNode.nqp
/home/coke/sandbox/perl6-roast-data/nqp.js/install/bin/moar --libpath=gen/moar/stage1 gen/moar/stage1/nqp.moarvm --bootstrap --module-path=gen/moar/stage2 --setting-path=gen/moar/stage2 \
    --setting=NQPCORE --no-regex-lib --target=mbc \
    --output=gen/moar/stage2/QASTNode.moarvm gen/moar/stage2/QASTNode.nqp
/home/coke/perl5/perlbrew/perls/perl-5.20.1/bin/perl -MExtUtils::Command -e mkpath gen/moar/stage2/gen
/home/coke/perl5/perlbrew/perls/perl-5.20.1/bin/perl tools/build/gen-cat.pl moar src/QRegex/NFA.nqp src/QRegex/Cursor.nqp  > gen/moar/stage2/QRegex.nqp
/home/coke/sandbox/perl6-roast-data/nqp.js/install/bin/moar --libpath=gen/moar/stage1 gen/moar/stage1/nqp.moarvm --bootstrap --module-path=gen/moar/stage2 --setting-path=gen/moar/stage2 \
    --setting=NQPCORE --no-regex-lib --target=mbc \
    --output=gen/moar/stage2/QRegex.moarvm gen/moar/stage2/QRegex.nqp
/home/coke/perl5/perlbrew/perls/perl-5.20.1/bin/perl -MExtUtils::Command -e mkpath gen/moar/stage2/gen
/home/coke/perl5/perlbrew/perls/perl-5.20.1/bin/perl tools/build/gen-cat.pl moar src/vm/moar/HLL/Backend.nqp src/HLL/Grammar.nqp src/HLL/Actions.nqp src/HLL/Compiler.nqp src/HLL/CommandLine.nqp src/HLL/World.nqp src/HLL/sprintf.nqp  > gen/moar/stage2/NQPHLL.nqp
/home/coke/sandbox/perl6-roast-data/nqp.js/install/bin/moar --libpath=gen/moar/stage1 gen/moar/stage1/nqp.moarvm --bootstrap --module-path=gen/moar/stage2 --setting-path=gen/moar/stage2 \
    --setting=NQPCORE --no-regex-lib --target=mbc \
    --output=gen/moar/stage2/NQPHLL.moarvm gen/moar/stage2/NQPHLL.nqp
/home/coke/sandbox/perl6-roast-data/nqp.js/install/bin/moar --libpath=gen/moar/stage1 gen/moar/stage1/nqp.moarvm --bootstrap --module-path=gen/moar/stage2 --setting-path=gen/moar/stage2 \
    --setting=NQPCORE --no-regex-lib --target=mbc \
    --output=gen/moar/stage2/MASTOps.moarvm /home/coke/sandbox/perl6-roast-data/nqp.js/install/share/nqp/lib/MAST/Ops.nqp
/home/coke/sandbox/perl6-roast-data/nqp.js/install/bin/moar --libpath=gen/moar/stage1 gen/moar/stage1/nqp.moarvm --bootstrap --module-path=gen/moar/stage2 --setting-path=gen/moar/stage2 \
    --setting=NQPCORE --no-regex-lib --target=mbc \
    --output=gen/moar/stage2/MASTNodes.moarvm /home/coke/sandbox/perl6-roast-data/nqp.js/install/share/nqp/lib/MAST/Nodes.nqp
/home/coke/perl5/perlbrew/perls/perl-5.20.1/bin/perl -MExtUtils::Command -e mkpath gen/moar/stage2/gen
/home/coke/perl5/perlbrew/perls/perl-5.20.1/bin/perl tools/build/gen-cat.pl moar src/vm/moar/QAST/QASTRegexCompilerMAST.nqp src/vm/moar/QAST/QASTOperationsMAST.nqp src/vm/moar/QAST/QASTCompilerMAST.nqp  > gen/moar/stage2/QAST.nqp
/home/coke/sandbox/perl6-roast-data/nqp.js/install/bin/moar --libpath=gen/moar/stage1 gen/moar/stage1/nqp.moarvm --bootstrap --module-path=gen/moar/stage2 --setting-path=gen/moar/stage2 \
    --setting=NQPCORE --no-regex-lib --target=mbc \
    --output=gen/moar/stage2/QAST.moarvm gen/moar/stage2/QAST.nqp
/home/coke/perl5/perlbrew/perls/perl-5.20.1/bin/perl -MExtUtils::Command -e mkpath gen/moar/stage2/gen
/home/coke/perl5/perlbrew/perls/perl-5.20.1/bin/perl tools/build/gen-cat.pl moar src/QRegex/P6Regex/Grammar.nqp src/QRegex/P6Regex/Actions.nqp src/QRegex/P6Regex/Compiler.nqp src/QRegex/P6Regex/Optimizer.nqp  > gen/moar/stage2/NQPP6QRegex.nqp
/home/coke/sandbox/perl6-roast-data/nqp.js/install/bin/moar --libpath=gen/moar/stage1 gen/moar/stage1/nqp.moarvm --bootstrap --module-path=gen/moar/stage2 --setting-path=gen/moar/stage2 \
    --setting=NQPCORE --no-regex-lib --target=mbc \
    --output=gen/moar/stage2/NQPP6QRegex.moarvm gen/moar/stage2/NQPP6QRegex.nqp
/home/coke/perl5/perlbrew/perls/perl-5.20.1/bin/perl -MExtUtils::Command -e mkpath gen/moar/stage2/gen
/home/coke/perl5/perlbrew/perls/perl-5.20.1/bin/perl tools/build/gen-version.pl > gen/moar/stage2/nqp-config.nqp
/home/coke/perl5/perlbrew/perls/perl-5.20.1/bin/perl tools/build/gen-cat.pl moar src/vm/moar/NQP/Ops.nqp src/NQP/World.nqp src/NQP/Grammar.nqp src/NQP/Optimizer.nqp src/NQP/Actions.nqp src/NQP/Compiler.nqp  gen/moar/stage2/nqp-config.nqp > gen/moar/stage2/NQP.nqp
/home/coke/sandbox/perl6-roast-data/nqp.js/install/bin/moar --libpath=gen/moar/stage1 gen/moar/stage1/nqp.moarvm --bootstrap --module-path=gen/moar/stage2 --setting-path=gen/moar/stage2 \
    --setting=NQPCORE --target=mbc --no-regex-lib \
    --output=gen/moar/stage2/nqp.moarvm gen/moar/stage2/NQP.nqp
/home/coke/perl5/perlbrew/perls/perl-5.20.1/bin/perl -MExtUtils::Command -e cp gen/moar/stage2/nqpmo.moarvm .
/home/coke/perl5/perlbrew/perls/perl-5.20.1/bin/perl -MExtUtils::Command -e cp gen/moar/stage2/ModuleLoader.moarvm .
/home/coke/perl5/perlbrew/perls/perl-5.20.1/bin/perl -MExtUtils::Command -e cp gen/moar/stage2/NQPCORE.setting.moarvm .
/home/coke/perl5/perlbrew/perls/perl-5.20.1/bin/perl -MExtUtils::Command -e cp gen/moar/stage2/QASTNode.moarvm .
/home/coke/perl5/perlbrew/perls/perl-5.20.1/bin/perl -MExtUtils::Command -e cp gen/moar/stage2/QRegex.moarvm .
/home/coke/perl5/perlbrew/perls/perl-5.20.1/bin/perl -MExtUtils::Command -e cp gen/moar/stage2/NQPHLL.moarvm .
/home/coke/perl5/perlbrew/perls/perl-5.20.1/bin/perl -MExtUtils::Command -e cp gen/moar/stage2/MASTOps.moarvm .
/home/coke/perl5/perlbrew/perls/perl-5.20.1/bin/perl -MExtUtils::Command -e cp gen/moar/stage2/MASTNodes.moarvm .
/home/coke/perl5/perlbrew/perls/perl-5.20.1/bin/perl -MExtUtils::Command -e cp gen/moar/stage2/QAST.moarvm .
/home/coke/perl5/perlbrew/perls/perl-5.20.1/bin/perl -MExtUtils::Command -e cp gen/moar/stage2/NQPP6QRegex.moarvm .
/home/coke/perl5/perlbrew/perls/perl-5.20.1/bin/perl -MExtUtils::Command -e cp gen/moar/stage2/nqp.moarvm .
/home/coke/perl5/perlbrew/perls/perl-5.20.1/bin/perl -MExtUtils::Command -e mkpath gen/moar/stage2/gen
/home/coke/perl5/perlbrew/perls/perl-5.20.1/bin/perl tools/build/gen-cat.pl moar src/QRegex/P5Regex/Grammar.nqp src/QRegex/P5Regex/Actions.nqp src/QRegex/P5Regex/Compiler.nqp  > gen/moar/stage2/NQPP5QRegex.nqp
./nqp-m --target=mbc --output=NQPP5QRegex.moarvm \
    gen/moar/stage2/NQPP5QRegex.nqp
/home/coke/perl5/perlbrew/perls/perl-5.20.1/bin/perl -MExtUtils::Command -e mkpath gen/js/stage1/QAST
./nqp-m --module-path=gen/js/stage1 --target=mbc --output=gen/js/stage1/QAST/Compiler.moarvm src/vm/js/QAST/Compiler.nqp
/home/coke/perl5/perlbrew/perls/perl-5.20.1/bin/perl -MExtUtils::Command -e mkpath gen/moar/stage2/QAST
/home/coke/perl5/perlbrew/perls/perl-5.20.1/bin/perl -MExtUtils::Command -e cp gen/js/stage1/QAST/Compiler.moarvm gen/moar/stage2/QAST/Compiler.moarvm
/home/coke/perl5/perlbrew/perls/perl-5.20.1/bin/perl -MExtUtils::Command -e mkpath gen/js/stage1/HLL
./nqp-m --module-path=gen/js/stage1 --target=mbc --output=gen/js/stage1/HLL/Backend.moarvm src/vm/js/HLL/Backend.nqp
/home/coke/perl5/perlbrew/perls/perl-5.20.1/bin/perl -MExtUtils::Command -e mkpath gen/moar/stage2/HLL
/home/coke/perl5/perlbrew/perls/perl-5.20.1/bin/perl -MExtUtils::Command -e cp gen/js/stage1/HLL/Backend.moarvm gen/moar/stage2/HLL/Backend.moarvm
/home/coke/perl5/perlbrew/perls/perl-5.20.1/bin/perl -MExtUtils::Command -e mkpath gen/js/stage2
./nqp-m --module-path gen/js/stage1 src/vm/js/bin/cross-compile.nqp --setting=NULL --target=mbc --output gen/js/stage2/nqpmo.moarvm gen/js/stage2/nqpmo.nqp > node_modules/nqpmo.js
/home/coke/perl5/perlbrew/perls/perl-5.20.1/bin/perl -MExtUtils::Command -e mkpath gen/js/stage2
./nqp-m --module-path gen/js/stage1 src/vm/js/bin/cross-compile.nqp --setting=NULL --target=mbc --output gen/js/stage2/NQPCORE.setting.moarvm gen/js/stage2/NQPCORE.setting.nqp > node_modules/NQPCORE.setting.js
/home/coke/perl5/perlbrew/perls/perl-5.20.1/bin/perl -MExtUtils::Command -e mkpath gen/js/stage2
./nqp-m --module-path gen/js/stage1 src/vm/js/bin/cross-compile.nqp --setting=NQPCORE --target=mbc --output gen/js/stage2/QASTNode.moarvm gen/js/stage2/QASTNode.nqp > node_modules/QASTNode.js
/home/coke/perl5/perlbrew/perls/perl-5.20.1/bin/perl -MExtUtils::Command -e mkpath gen/js/stage2
./nqp-m --module-path gen/js/stage1 src/vm/js/bin/cross-compile.nqp --setting=NQPCORE --target=mbc --output gen/js/stage2/QRegex.moarvm gen/js/stage2/QRegex.nqp > node_modules/QRegex.js
src/vm/js/bin/run_tests
t/nqp/01-literals.t ................... ok
t/nqp/02-if.t ......................... ok
t/nqp/03-if-else.t .................... ok
t/nqp/04-unless.t ..................... ok
t/nqp/05-comments.t ................... ok
t/nqp/06-args-pos.t ................... ok
t/nqp/07-boolean.t .................... ok
t/nqp/08-blocks.t ..................... ok
t/nqp/09-var.t ........................ ok
t/nqp/10-cmp.t ........................ ok
t/nqp/11-sub.t ........................ ok
t/nqp/12-logical.t .................... ok
t/nqp/13-op.t ......................... ok
t/nqp/14-while.t ...................... ok
t/nqp/15-list.t ....................... ok
t/nqp/16-ternary.t .................... ok
t/nqp/17-positional.t ................. ok
t/nqp/18-associative.t ................ ok
t/nqp/20-return.t ..................... ok
t/nqp/21-contextual.t ................. ok
t/nqp/22-optional-args.t .............. ok
t/nqp/23-named-args.t ................. ok
t/nqp/25-class.t ...................... ok
t/nqp/26-methodops.t .................. ok
t/nqp/27-self.t ....................... ok
t/nqp/28-subclass.t ................... ok
t/nqp/33-init.t ....................... ok
t/nqp/35-prefix-sigil.t ............... ok
t/nqp/36-callable.t ................... ok
t/nqp/37-slurpy.t ..................... ok
t/nqp/38-quotes.t ..................... ok
t/nqp/39-pointy.t ..................... ok
t/nqp/40-lists.t ...................... ok
t/nqp/41-flat.t ....................... ok
t/nqp/42-cond-loop.t .................. ok
t/nqp/46-charspec.t ................... ok
t/nqp/47-loop-control.t ............... ok
t/nqp/48-closure.t .................... ok
t/nqp/51-multi.t ...................... ok
t/nqp/53-knowhow.t .................... ok
t/nqp/55-multi-method.t ............... ok
t/nqp/56-role.t ....................... ok
t/nqp/57-construction.t ............... ok
t/nqp/58-attrs.t ...................... ok
t/nqp/59-nqpop.t ...................... ok
t/nqp/63-slurp.t ...................... ok
t/nqp/64-native.t ..................... ok
t/nqp/65-how.t ........................ ok
t/nqp/68-associative-for.t ............ ok
t/nqp/69-js-keywords-as-identifier.t .. ok
t/nqp/70-invokespec.t ................. ok
t/nqp/71-setboolspec.t ................ ok
t/nqp/75-curcode.t .................... ok
t/nqp/76-capture.t .................... ok
t/nqp/78-shell.t ...................... ok
t/nqp/79-callercode.t ................. ok
t/nqp/81-radix.t ...................... ok
t/nqp/83-log.t ........................ ok
t/nqp/88-more-if-tests.t .............. ok
t/nqp/89-istype.t ..................... ok
t/nqp/90-findmethod.t ................. ok
t/nqp/91-codename.t ................... ok
t/nqp/92-where.t ...................... ok
t/nqp/93-oo-ops.t ..................... ok
t/nqp/94-clone.t ...................... ok
t/nqp/95-cclass.t ..................... ok
t/js/getcomp-js.t ..................... ok
t/qast/02-manipulation.t .............. ok
All tests successful.
Files=68, Tests=719, 24 wallclock secs ( 0.23 usr  0.08 sys + 20.68 cusr  2.15 csys = 23.14 CPU)
Result: PASS
