prove -r --exec ./nqp-j t/nqp t/hll t/qregex t/p5regex t/qast t/serialization t/jvm t/nativecall
[14:01:36] t/nqp/01-literals.t ................... ok     2581 ms
[14:01:38] t/nqp/02-if.t ......................... ok     2365 ms
[14:01:41] t/nqp/03-if-else.t .................... ok     2942 ms
[14:01:44] t/nqp/04-unless.t ..................... ok     2424 ms
[14:01:46] t/nqp/05-comments.t ................... ok     2459 ms
[14:01:48] t/nqp/06-args-pos.t ................... ok     2325 ms
[14:01:51] t/nqp/07-boolean.t .................... ok     2483 ms
[14:01:54] t/nqp/08-blocks.t ..................... ok     2531 ms
[14:01:57] t/nqp/09-var.t ........................ ok     3327 ms
[14:02:00] t/nqp/10-cmp.t ........................ ok     3184 ms
[14:02:04] t/nqp/11-sub.t ........................ ok     3651 ms
[14:02:06] t/nqp/12-logical.t .................... ok     2735 ms
[14:02:09] t/nqp/13-op.t ......................... ok     2943 ms
[14:02:13] t/nqp/14-while.t ...................... ok     3175 ms
[14:02:15] t/nqp/15-list.t ....................... ok     2598 ms
[14:02:18] t/nqp/16-ternary.t .................... ok     2855 ms
[14:02:21] t/nqp/17-positional.t ................. ok     2774 ms
[14:02:24] t/nqp/18-associative.t ................ ok     3016 ms
[14:02:28] t/nqp/19-file-ops.t ................... ok     4646 ms
[14:02:31] t/nqp/20-return.t ..................... ok     2585 ms
[14:02:34] t/nqp/21-contextual.t ................. ok     3326 ms
[14:02:37] t/nqp/22-optional-args.t .............. ok     2691 ms
[14:02:40] t/nqp/23-named-args.t ................. ok     3020 ms
[14:02:43] t/nqp/24-module.t ..................... ok     2643 ms
[14:02:46] t/nqp/25-class.t ...................... ok     3061 ms
[14:02:49] t/nqp/26-methodops.t .................. ok     2893 ms
[14:02:51] t/nqp/27-self.t ....................... ok     2708 ms
[14:02:54] t/nqp/28-subclass.t ................... ok     2779 ms
[14:02:57] t/nqp/29-make.t ....................... ok     2422 ms
[14:03:00] t/nqp/31-grammar.t .................... ok     3147 ms
[14:03:03] t/nqp/32-protoregex.t ................. ok     3682 ms
[14:03:06] t/nqp/33-init.t ....................... ok     2556 ms
[14:03:09] t/nqp/34-rxcodeblock.t ................ ok     3397 ms
[14:03:12] t/nqp/35-prefix-sigil.t ............... ok     2929 ms
[14:03:15] t/nqp/36-callable.t ................... ok     2599 ms
[14:03:18] t/nqp/37-slurpy.t ..................... ok     2932 ms
[14:03:21] t/nqp/38-quotes.t ..................... ok     2645 ms
[14:03:23] t/nqp/39-pointy.t ..................... ok     2843 ms
[14:03:26] t/nqp/40-lists.t ...................... ok     3084 ms
[14:03:29] t/nqp/41-flat.t ....................... ok     2713 ms
[14:03:33] t/nqp/42-cond-loop.t .................. ok     3329 ms
[14:03:35] t/nqp/43-package-var.t ................ ok     2912 ms
[14:03:39] t/nqp/44-try-catch.t .................. ok     3387 ms
[14:03:42] t/nqp/45-smartmatch.t ................. ok     3156 ms
[14:03:44] t/nqp/46-charspec.t ................... ok     2353 ms
[14:03:47] t/nqp/47-loop-control.t ............... ok     3135 ms
[14:03:50] t/nqp/48-closure.t .................... ok     2607 ms
[14:03:56] t/nqp/49-regex-interpolation.t ........ ok     5881 ms
[14:03:59] t/nqp/50-regex.t ...................... ok     3428 ms
[14:04:03] t/nqp/51-multi.t ...................... ok     3094 ms
[14:04:06] t/nqp/53-knowhow.t .................... ok     3132 ms
[14:04:08] t/nqp/55-multi-method.t ............... ok     2656 ms
[14:04:12] t/nqp/56-role.t ....................... ok     3213 ms
[14:04:15] t/nqp/57-construction.t ............... ok     2981 ms
[14:04:18] t/nqp/58-attrs.t ...................... ok     3316 ms
[14:04:23] t/nqp/59-nqpop.t ...................... ok     5293 ms
[14:04:27] t/nqp/60-bigint.t ..................... ok     4008 ms
[14:04:30] t/nqp/61-mixin.t ...................... ok     2904 ms
[14:04:33] t/nqp/62-subst.t ...................... ok     3029 ms
[14:04:36] t/nqp/63-slurp.t ...................... ok     2726 ms
[14:04:39] t/nqp/64-native.t ..................... ok     2802 ms
[14:04:42] t/nqp/65-how.t ........................ ok     2870 ms
[14:04:45] t/nqp/66-pararole.t ................... ok     3537 ms
[14:04:48] t/nqp/67-container.t .................. ok     2800 ms
[14:04:51] t/nqp/68-associative-for.t ............ ok     3344 ms
[14:04:55] t/nqp/69-js-keywords-as-identifier.t .. ok     3724 ms
[14:04:58] t/nqp/70-invokespec.t ................. ok     2941 ms
[14:05:01] t/nqp/71-setboolspec.t ................ ok     2890 ms
[14:05:04] t/nqp/72-rolehow.t .................... ok     3437 ms
[14:05:08] t/nqp/73-delegation.t ................. ok     3368 ms
[14:05:11] t/nqp/74-nfa.t ........................ ok     3095 ms
[14:05:14] t/nqp/75-curcode.t .................... ok     3046 ms
[14:05:17] t/nqp/76-capture.t .................... ok     2909 ms
[14:05:20] t/nqp/77-curlexpad.t .................. ok     2889 ms
[14:05:23] t/nqp/78-shell.t ...................... ok     3070 ms
[14:05:26] t/nqp/79-callercode.t ................. ok     3227 ms
[14:05:30] t/nqp/80-matches.t .................... ok     3897 ms
[14:05:32] t/nqp/81-radix.t ...................... ok     2710 ms
[14:05:35] t/nqp/82-decode.t ..................... ok     2881 ms
[14:05:38] t/nqp/83-log.t ........................ ok     3088 ms
[14:05:43] t/nqp/84-loop-labels.t ................ ok     4354 ms
[14:05:46] t/nqp/85-type-tester.t ................ ok     2770 ms
[14:05:50] t/nqp/86-pipes.t ...................... ok     3969 ms
[14:05:53] t/nqp/87-parametric-6model.t .......... ok     3452 ms
[14:05:56] t/nqp/88-more-if-tests.t .............. ok     3186 ms
[14:05:59] t/nqp/89-istype.t ..................... ok     3019 ms
[14:06:03] t/nqp/90-findmethod.t ................. ok     3489 ms
[14:06:05] t/nqp/91-codename.t ................... ok     2600 ms
[14:06:08] t/nqp/92-where.t ...................... ok     2685 ms
[14:06:11] t/nqp/93-oo-ops.t ..................... ok     3033 ms
[14:06:14] t/nqp/94-clone.t ...................... ok     3294 ms
[14:06:18] t/nqp/95-cclass.t ..................... ok     4066 ms
[14:06:21] t/nqp/96-array-methods.t .............. ok     2722 ms
[14:06:23] t/hll/01-language.t ................... skipped: design changes, need re-work
[14:06:26] t/hll/02-modules.t .................... skipped: design changes, need re-work
[14:06:28] t/hll/03-exports.t .................... skipped: design changes (EXPORT now lexical), need re-work
[14:06:30] t/hll/04-import.t ..................... skipped: design changes (EXPORT now lexical), need re-work
[14:06:34] t/hll/05-commandline.t ................ ok     3614 ms
[14:06:41] t/hll/06-sprintf.t .................... ok     6576 ms
[14:07:01] t/qregex/01-qregex.t .................. ok    19904 ms
[14:07:09] t/p5regex/01-p5regex.t ................ ok     8340 ms
[14:07:15] t/qast/01-qast.t ...................... ok     6326 ms
[14:07:18] t/qast/02-manipulation.t .............. ok     2861 ms
[14:07:24] t/serialization/01-basic.t ............ ok     5928 ms
[14:07:28] t/serialization/02-types.t ............ ok     4289 ms
[14:07:32] t/serialization/03-closures.t ......... ok     3375 ms
[14:07:36] t/jvm/01-continuations.t .............. ok     4306 ms
[14:07:43] t/jvm/02-multidim.t ................... ok     6530 ms
[14:07:46] t/nativecall/01-basic.t ............... ok     3258 ms
[14:07:46]
All tests successful.
Files=109, Tests=4220, 373 wallclock secs ( 0.80 usr  0.12 sys + 716.19 cusr 15.54 csys = 732.65 CPU)
Result: PASS
