prove -r --exec "./nqp-p --vmlibs=nqp_dyncall_ops" t/nqp t/parrot t/hll t/qregex t/p5regex t/qast t/serialization t/nativecall
[20:28:36] t/nqp/01-literals.t ................... ok      106 ms
[20:28:36] t/nqp/02-if.t ......................... ok       77 ms
[20:28:37] t/nqp/03-if-else.t .................... ok      188 ms
[20:28:37] t/nqp/04-unless.t ..................... ok       75 ms
[20:28:37] t/nqp/05-comments.t ................... ok       74 ms
[20:28:37] t/nqp/06-args-pos.t ................... ok      101 ms
[20:28:37] t/nqp/07-boolean.t .................... ok      130 ms
[20:28:37] t/nqp/08-blocks.t ..................... ok      129 ms
[20:28:37] t/nqp/09-var.t ........................ ok      242 ms
[20:28:38] t/nqp/10-cmp.t ........................ ok      268 ms
[20:28:38] t/nqp/11-sub.t ........................ ok      212 ms
[20:28:38] t/nqp/12-logical.t .................... ok      108 ms
[20:28:38] t/nqp/13-op.t ......................... ok      211 ms
[20:28:38] t/nqp/14-while.t ...................... ok      325 ms
[20:28:39] t/nqp/15-list.t ....................... ok       92 ms
[20:28:39] t/nqp/16-ternary.t .................... ok      145 ms
[20:28:39] t/nqp/17-positional.t ................. ok      135 ms
[20:28:39] t/nqp/18-associative.t ................ ok      160 ms
[20:28:40] t/nqp/19-file-ops.t ................... ok     1042 ms
[20:28:40] t/nqp/20-return.t ..................... ok      130 ms
[20:28:40] t/nqp/21-contextual.t ................. ok      151 ms
[20:28:40] t/nqp/22-optional-args.t .............. ok       91 ms
[20:28:41] t/nqp/23-named-args.t ................. ok      122 ms
[20:28:41] t/nqp/24-module.t ..................... ok      114 ms
[20:28:41] t/nqp/25-class.t ...................... ok      160 ms
[20:28:41] t/nqp/26-methodops.t .................. ok      147 ms
[20:28:41] t/nqp/27-self.t ....................... ok      125 ms
[20:28:41] t/nqp/28-subclass.t ................... ok      104 ms
[20:28:41] t/nqp/29-make.t ....................... ok      113 ms
[20:28:41] t/nqp/31-grammar.t .................... ok      171 ms
[20:28:42] t/nqp/32-protoregex.t ................. ok      152 ms
[20:28:42] t/nqp/33-init.t ....................... ok      142 ms
[20:28:42] t/nqp/34-rxcodeblock.t ................ ok      165 ms
[20:28:42] t/nqp/35-prefix-sigil.t ............... ok       73 ms
[20:28:42] t/nqp/36-callable.t ................... ok       71 ms
[20:28:42] t/nqp/37-slurpy.t ..................... ok      123 ms
[20:28:42] t/nqp/38-quotes.t ..................... ok      100 ms
[20:28:43] t/nqp/39-pointy.t ..................... ok      324 ms
[20:28:43] t/nqp/40-lists.t ...................... ok      203 ms
[20:28:43] t/nqp/41-flat.t ....................... ok      113 ms
[20:28:43] t/nqp/42-cond-loop.t .................. ok      221 ms
[20:28:43] t/nqp/43-package-var.t ................ ok      138 ms
[20:28:44] t/nqp/44-try-catch.t .................. ok      205 ms
[20:28:44] t/nqp/45-smartmatch.t ................. ok      154 ms
[20:28:44] t/nqp/46-charspec.t ................... ok       94 ms
[20:28:44] t/nqp/47-loop-control.t ............... ok      143 ms
[20:28:44] t/nqp/48-closure.t .................... ok       84 ms
[20:28:45] t/nqp/49-regex-interpolation.t ........ ok      885 ms
[20:28:45] t/nqp/50-regex.t ...................... ok      190 ms
[20:28:45] t/nqp/51-multi.t ...................... ok      123 ms
[20:28:45] t/nqp/53-knowhow.t .................... ok      198 ms
[20:28:46] t/nqp/55-multi-method.t ............... ok      165 ms
[20:28:46] t/nqp/56-role.t ....................... ok      292 ms
[20:28:46] t/nqp/57-construction.t ............... ok      107 ms
[20:28:46] t/nqp/58-attrs.t ...................... ok       98 ms
[20:28:47] t/nqp/59-nqpop.t ...................... ok      778 ms
[20:28:48] t/nqp/60-bigint.t ..................... ok      603 ms
[20:28:48] t/nqp/61-mixin.t ...................... ok      160 ms
[20:28:48] t/nqp/62-subst.t ...................... ok      179 ms
[20:28:48] t/nqp/63-slurp.t ...................... ok      101 ms
[20:28:48] t/nqp/64-native.t ..................... ok      116 ms
[20:28:48] t/nqp/65-how.t ........................ ok      226 ms
[20:28:49] t/nqp/66-pararole.t ................... ok      199 ms
[20:28:49] t/nqp/67-container.t .................. ok      120 ms
[20:28:49] t/nqp/68-associative-for.t ............ ok      165 ms
[20:28:49] t/nqp/69-js-keywords-as-identifier.t .. ok      353 ms
[20:28:49] t/nqp/70-invokespec.t ................. ok      115 ms
[20:28:49] t/nqp/71-setboolspec.t ................ ok       93 ms
[20:28:50] t/nqp/72-rolehow.t .................... ok      177 ms
[20:28:50] t/nqp/73-delegation.t ................. ok      155 ms
[20:28:50] t/nqp/74-nfa.t ........................ ok      226 ms
[20:28:50] t/nqp/75-curcode.t .................... ok       99 ms
[20:28:50] t/nqp/76-capture.t .................... skipped: nqp::savecapture is broken on parrot
[20:28:50] t/nqp/77-curlexpad.t .................. ok       87 ms
[20:28:51] t/nqp/78-shell.t ...................... ok      263 ms
[20:28:51] t/nqp/79-callercode.t ................. ok      153 ms
[20:28:51] t/nqp/80-matches.t .................... ok      150 ms
[20:28:51] t/nqp/81-radix.t ...................... ok      158 ms
[20:28:51] t/nqp/82-decode.t ..................... ok      127 ms
[20:28:51] t/nqp/83-log.t ........................ ok      136 ms
[20:28:52] t/nqp/84-loop-labels.t ................ ok      430 ms
[20:28:52] t/nqp/85-type-tester.t ................ ok      184 ms
[20:28:52] t/nqp/86-pipes.t ...................... ok      268 ms
[20:28:53] t/nqp/87-parametric-6model.t .......... ok      448 ms
[20:28:53] t/parrot/01-pirt.t .................... ok      318 ms
[20:28:53] t/parrot/02-qast.t .................... ok      174 ms
[20:28:53] t/parrot/03-inline.t .................. ok       68 ms
[20:28:53] t/parrot/04-pirop.t ................... ok       66 ms
[20:28:53] t/parrot/05-vtable.t .................. ok      213 ms
[20:28:54] t/parrot/06-errno.t ................... ok      159 ms
[20:28:54] t/hll/01-language.t ................... skipped: design changes, need re-work
[20:28:54] t/hll/02-modules.t .................... skipped: design changes, need re-work
[20:28:54] t/hll/03-exports.t .................... skipped: design changes (EXPORT now lexical), need re-work
[20:28:54] t/hll/04-import.t ..................... skipped: design changes (EXPORT now lexical), need re-work
[20:28:54] t/hll/05-commandline.t ................ ok      417 ms
[20:28:56] t/hll/06-sprintf.t .................... ok     2125 ms
[20:29:08] t/qregex/01-qregex.t .................. ok    11342 ms
[20:29:11] t/p5regex/01-p5regex.t ................ ok     2857 ms
[20:29:13] t/qast/01-qast.t ...................... ok     2343 ms
[20:29:14] t/serialization/01-basic.t ............ ok     1490 ms
[20:29:15] t/serialization/02-types.t ............ ok      637 ms
[20:29:15] t/serialization/03-closures.t ......... ok      327 ms
[20:29:16] t/nativecall/01-basic.t ............... ok      234 ms
[20:29:16]
All tests successful.
Files=103, Tests=3612, 40 wallclock secs ( 0.54 usr  0.11 sys + 28.16 cusr  4.16 csys = 32.97 CPU)
Result: PASS
