prove -r --exec "./nqp-m" t/nqp t/hll t/qregex t/p5regex t/qast t/moar t/serialization t/nativecall
[13:09:25] t/nqp/01-literals.t ................... ok       56 ms
[13:09:25] t/nqp/02-if.t ......................... ok       44 ms
[13:09:26] t/nqp/03-if-else.t .................... ok       80 ms
[13:09:26] t/nqp/04-unless.t ..................... ok       33 ms
[13:09:26] t/nqp/05-comments.t ................... ok       31 ms
[13:09:26] t/nqp/06-args-pos.t ................... ok       24 ms
[13:09:26] t/nqp/07-boolean.t .................... ok       38 ms
[13:09:26] t/nqp/08-blocks.t ..................... ok       36 ms
[13:09:26] t/nqp/09-var.t ........................ ok       73 ms
[13:09:26] t/nqp/10-cmp.t ........................ ok       78 ms
[13:09:26] t/nqp/11-sub.t ........................ ok       78 ms
[13:09:26] t/nqp/12-logical.t .................... ok       49 ms
[13:09:26] t/nqp/13-op.t ......................... ok       84 ms
[13:09:26] t/nqp/14-while.t ...................... ok       95 ms
[13:09:26] t/nqp/15-list.t ....................... ok       22 ms
[13:09:26] t/nqp/16-ternary.t .................... ok       31 ms
[13:09:26] t/nqp/17-positional.t ................. ok       32 ms
[13:09:26] t/nqp/18-associative.t ................ ok       49 ms
[13:09:27] t/nqp/19-file-ops.t ................... ok      211 ms
[13:09:27] t/nqp/20-return.t ..................... ok       64 ms
[13:09:27] t/nqp/21-contextual.t ................. ok       91 ms
[13:09:27] t/nqp/22-optional-args.t .............. ok       33 ms
[13:09:27] t/nqp/23-named-args.t ................. ok       47 ms
[13:09:27] t/nqp/24-module.t ..................... ok       60 ms
[13:09:27] t/nqp/25-class.t ...................... ok       81 ms
[13:09:27] t/nqp/26-methodops.t .................. ok       45 ms
[13:09:27] t/nqp/27-self.t ....................... ok       47 ms
[13:09:27] t/nqp/28-subclass.t ................... ok       46 ms
[13:09:27] t/nqp/29-make.t ....................... ok       28 ms
[13:09:27] t/nqp/31-grammar.t .................... ok       58 ms
[13:09:27] t/nqp/32-protoregex.t ................. ok       64 ms
[13:09:27] t/nqp/33-init.t ....................... ok       59 ms
[13:09:27] t/nqp/34-rxcodeblock.t ................ ok       89 ms
[13:09:27] t/nqp/35-prefix-sigil.t ............... ok       30 ms
[13:09:28] t/nqp/36-callable.t ................... ok       24 ms
[13:09:28] t/nqp/37-slurpy.t ..................... ok       37 ms
[13:09:28] t/nqp/38-quotes.t ..................... ok       43 ms
[13:09:28] t/nqp/39-pointy.t ..................... ok       43 ms
[13:09:28] t/nqp/40-lists.t ...................... ok       67 ms
[13:09:28] t/nqp/41-flat.t ....................... ok       44 ms
[13:09:28] t/nqp/42-cond-loop.t .................. ok      120 ms
[13:09:28] t/nqp/43-package-var.t ................ ok       64 ms
[13:09:28] t/nqp/44-try-catch.t .................. ok      103 ms
[13:09:28] t/nqp/45-smartmatch.t ................. ok       64 ms
[13:09:28] t/nqp/46-charspec.t ................... ok       50 ms
[13:09:28] t/nqp/47-loop-control.t ............... ok       73 ms
[13:09:28] t/nqp/48-closure.t .................... ok       34 ms
[13:09:29] t/nqp/49-regex-interpolation.t ........ ok      303 ms
[13:09:29] t/nqp/50-regex.t ...................... ok       63 ms
[13:09:29] t/nqp/51-multi.t ...................... ok       58 ms
[13:09:29] t/nqp/53-knowhow.t .................... ok      105 ms
[13:09:29] t/nqp/55-multi-method.t ............... ok       52 ms
[13:09:29] t/nqp/56-role.t ....................... ok       78 ms
[13:09:29] t/nqp/57-construction.t ............... ok       39 ms
[13:09:29] t/nqp/58-attrs.t ...................... ok       86 ms
[13:09:30] t/nqp/59-nqpop.t ...................... ok      457 ms
[13:09:30] t/nqp/60-bigint.t ..................... ok      151 ms
[13:09:30] t/nqp/61-mixin.t ...................... ok       42 ms
[13:09:30] t/nqp/62-subst.t ...................... ok       92 ms
[13:09:30] t/nqp/63-slurp.t ...................... ok       30 ms
[13:09:30] t/nqp/64-native.t ..................... ok       36 ms
[13:09:30] t/nqp/65-how.t ........................ ok       67 ms
[13:09:30] t/nqp/66-pararole.t ................... ok       78 ms
[13:09:30] t/nqp/67-container.t .................. ok       44 ms
[13:09:30] t/nqp/68-associative-for.t ............ ok       82 ms
[13:09:30] t/nqp/69-js-keywords-as-identifier.t .. ok      120 ms
[13:09:30] t/nqp/70-invokespec.t ................. ok       53 ms
[13:09:31] t/nqp/71-setboolspec.t ................ ok       47 ms
[13:09:31] t/nqp/72-rolehow.t .................... ok       73 ms
[13:09:31] t/nqp/73-delegation.t ................. ok      111 ms
[13:09:31] t/nqp/74-nfa.t ........................ ok       68 ms
[13:09:31] t/nqp/75-curcode.t .................... ok       43 ms
[13:09:31] t/nqp/76-capture.t .................... ok       47 ms
[13:09:31] t/nqp/77-curlexpad.t .................. ok       45 ms
[13:09:31] t/nqp/78-shell.t ...................... ok      108 ms
[13:09:31] t/nqp/79-callercode.t ................. ok       99 ms
[13:09:31] t/nqp/80-matches.t .................... ok      110 ms
[13:09:31] t/nqp/81-radix.t ...................... ok       66 ms
[13:09:31] t/nqp/82-decode.t ..................... ok       65 ms
[13:09:31] t/nqp/83-log.t ........................ ok       42 ms
[13:09:32] t/nqp/84-loop-labels.t ................ ok      158 ms
[13:09:32] t/nqp/85-type-tester.t ................ ok       62 ms
[13:09:32] t/nqp/86-pipes.t ...................... ok      118 ms
[13:09:32] t/nqp/87-parametric-6model.t .......... ok      130 ms
[13:09:32] t/nqp/88-more-if-tests.t .............. ok       54 ms
[13:09:32] t/nqp/89-istype.t ..................... ok       77 ms
[13:09:32] t/nqp/90-findmethod.t ................. ok      120 ms
[13:09:32] t/nqp/91-codename.t ................... ok       29 ms
[13:09:32] t/nqp/92-where.t ...................... ok       31 ms
[13:09:32] t/nqp/93-oo-ops.t ..................... ok       66 ms
[13:09:32] t/nqp/94-clone.t ...................... ok      114 ms
[13:09:33] t/nqp/95-cclass.t ..................... ok      159 ms
[13:09:33] t/nqp/96-array-methods.t .............. ok       48 ms
[13:09:33] t/hll/01-language.t ................... skipped: design changes, need re-work
[13:09:33] t/hll/02-modules.t .................... skipped: design changes, need re-work
[13:09:33] t/hll/03-exports.t .................... skipped: design changes (EXPORT now lexical), need re-work
[13:09:33] t/hll/04-import.t ..................... skipped: design changes (EXPORT now lexical), need re-work
[13:09:33] t/hll/05-commandline.t ................ ok      134 ms
[13:09:34] t/hll/06-sprintf.t .................... ok      737 ms
[13:09:35] t/qregex/01-qregex.t .................. ok     1630 ms
[13:09:36] t/p5regex/01-p5regex.t ................ ok      386 ms
[13:09:36] t/qast/01-qast.t ...................... ok      480 ms
[13:09:36] t/qast/02-manipulation.t .............. ok       41 ms
[13:09:36] t/moar/01-continuations.t ............. ok      169 ms
[13:09:37] t/moar/02-multidim.t .................. ok      503 ms
[13:09:37] t/moar/02-qast-references.t ........... ok      127 ms
[13:09:37] t/moar/03-line-seps.t ................. ok       69 ms
[13:09:38] t/serialization/01-basic.t ............ ok      628 ms
[13:09:38] t/serialization/02-types.t ............ ok      245 ms
[13:09:38] t/serialization/03-closures.t ......... ok      141 ms
[13:09:38] t/nativecall/01-basic.t ............... ok       78 ms
[13:09:38]
All tests successful.
Files=111, Tests=4244, 13 wallclock secs ( 0.76 usr  0.13 sys + 11.60 cusr  0.60 csys = 13.09 CPU)
Result: PASS
