/home/coke/sandbox/perl6-roast-data/nqp.moar-jit/install/bin/moar --libpath=gen/moar/stage1 gen/moar/stage1/nqp.moarvm --bootstrap --setting=NULL --no-regex-lib --target=mbc \
    --output=gen/moar/stage2/ModuleLoader.moarvm src/vm/moar/ModuleLoader.nqp
/home/coke/perl5/perlbrew/perls/perl-5.20.1/bin/perl -MExtUtils::Command -e mkpath gen/moar/stage2/gen
/home/coke/perl5/perlbrew/perls/perl-5.20.1/bin/perl tools/build/gen-cat.pl moar src/core/NativeTypes.nqp src/core/NQPRoutine.nqp src/core/NQPMu.nqp src/core/NQPCapture.nqp src/core/IO.nqp src/core/Regex.nqp src/core/Hash.nqp src/core/testing.nqp src/core/YOUAREHERE.nqp  > gen/moar/stage2/NQPCORE.setting
/home/coke/sandbox/perl6-roast-data/nqp.moar-jit/install/bin/moar --libpath=gen/moar/stage1 gen/moar/stage1/nqp.moarvm --bootstrap --module-path=gen/moar/stage2 --setting=NULL --no-regex-lib --target=mbc \
    --output=gen/moar/stage2/NQPCORE.setting.moarvm gen/moar/stage2/NQPCORE.setting
/home/coke/perl5/perlbrew/perls/perl-5.20.1/bin/perl -MExtUtils::Command -e mkpath gen/moar/stage2/gen
/home/coke/perl5/perlbrew/perls/perl-5.20.1/bin/perl tools/build/gen-cat.pl moar src/QAST/CompileTimeValue.nqp src/QAST/SpecialArg.nqp src/QAST/Children.nqp src/QAST/Node.nqp src/QAST/NodeList.nqp src/QAST/Regex.nqp src/QAST/IVal.nqp src/QAST/NVal.nqp src/QAST/SVal.nqp src/QAST/BVal.nqp src/QAST/WVal.nqp src/QAST/Want.nqp src/QAST/Var.nqp src/QAST/VarWithFallback.nqp src/QAST/ParamTypeCheck.nqp src/QAST/Op.nqp src/QAST/VM.nqp src/QAST/Stmts.nqp src/QAST/Stmt.nqp src/QAST/Block.nqp src/QAST/Unquote.nqp src/QAST/CompUnit.nqp src/QAST/InlinePlaceholder.nqp  > gen/moar/stage2/QASTNode.nqp
/home/coke/sandbox/perl6-roast-data/nqp.moar-jit/install/bin/moar --libpath=gen/moar/stage1 gen/moar/stage1/nqp.moarvm --bootstrap --module-path=gen/moar/stage2 --setting-path=gen/moar/stage2 \
    --setting=NQPCORE --no-regex-lib --target=mbc \
    --output=gen/moar/stage2/QASTNode.moarvm gen/moar/stage2/QASTNode.nqp
/home/coke/perl5/perlbrew/perls/perl-5.20.1/bin/perl -MExtUtils::Command -e mkpath gen/moar/stage2/gen
/home/coke/perl5/perlbrew/perls/perl-5.20.1/bin/perl tools/build/gen-cat.pl moar src/QRegex/NFA.nqp src/QRegex/Cursor.nqp  > gen/moar/stage2/QRegex.nqp
/home/coke/sandbox/perl6-roast-data/nqp.moar-jit/install/bin/moar --libpath=gen/moar/stage1 gen/moar/stage1/nqp.moarvm --bootstrap --module-path=gen/moar/stage2 --setting-path=gen/moar/stage2 \
    --setting=NQPCORE --no-regex-lib --target=mbc \
    --output=gen/moar/stage2/QRegex.moarvm gen/moar/stage2/QRegex.nqp
/home/coke/perl5/perlbrew/perls/perl-5.20.1/bin/perl -MExtUtils::Command -e mkpath gen/moar/stage2/gen
/home/coke/perl5/perlbrew/perls/perl-5.20.1/bin/perl tools/build/gen-cat.pl moar src/vm/moar/HLL/Backend.nqp src/HLL/Grammar.nqp src/HLL/Actions.nqp src/HLL/Compiler.nqp src/HLL/CommandLine.nqp src/HLL/World.nqp src/HLL/sprintf.nqp  > gen/moar/stage2/NQPHLL.nqp
/home/coke/sandbox/perl6-roast-data/nqp.moar-jit/install/bin/moar --libpath=gen/moar/stage1 gen/moar/stage1/nqp.moarvm --bootstrap --module-path=gen/moar/stage2 --setting-path=gen/moar/stage2 \
    --setting=NQPCORE --no-regex-lib --target=mbc \
    --output=gen/moar/stage2/NQPHLL.moarvm gen/moar/stage2/NQPHLL.nqp
/home/coke/sandbox/perl6-roast-data/nqp.moar-jit/install/bin/moar --libpath=gen/moar/stage1 gen/moar/stage1/nqp.moarvm --bootstrap --module-path=gen/moar/stage2 --setting-path=gen/moar/stage2 \
    --setting=NQPCORE --no-regex-lib --target=mbc \
    --output=gen/moar/stage2/MASTOps.moarvm /home/coke/sandbox/perl6-roast-data/nqp.moar-jit/install/share/nqp/lib/MAST/Ops.nqp
/home/coke/sandbox/perl6-roast-data/nqp.moar-jit/install/bin/moar --libpath=gen/moar/stage1 gen/moar/stage1/nqp.moarvm --bootstrap --module-path=gen/moar/stage2 --setting-path=gen/moar/stage2 \
    --setting=NQPCORE --no-regex-lib --target=mbc \
    --output=gen/moar/stage2/MASTNodes.moarvm /home/coke/sandbox/perl6-roast-data/nqp.moar-jit/install/share/nqp/lib/MAST/Nodes.nqp
/home/coke/perl5/perlbrew/perls/perl-5.20.1/bin/perl -MExtUtils::Command -e mkpath gen/moar/stage2/gen
/home/coke/perl5/perlbrew/perls/perl-5.20.1/bin/perl tools/build/gen-cat.pl moar src/vm/moar/QAST/QASTRegexCompilerMAST.nqp src/vm/moar/QAST/QASTOperationsMAST.nqp src/vm/moar/QAST/QASTCompilerMAST.nqp  > gen/moar/stage2/QAST.nqp
/home/coke/sandbox/perl6-roast-data/nqp.moar-jit/install/bin/moar --libpath=gen/moar/stage1 gen/moar/stage1/nqp.moarvm --bootstrap --module-path=gen/moar/stage2 --setting-path=gen/moar/stage2 \
    --setting=NQPCORE --no-regex-lib --target=mbc \
    --output=gen/moar/stage2/QAST.moarvm gen/moar/stage2/QAST.nqp
/home/coke/perl5/perlbrew/perls/perl-5.20.1/bin/perl -MExtUtils::Command -e mkpath gen/moar/stage2/gen
/home/coke/perl5/perlbrew/perls/perl-5.20.1/bin/perl tools/build/gen-cat.pl moar src/QRegex/P6Regex/Grammar.nqp src/QRegex/P6Regex/Actions.nqp src/QRegex/P6Regex/Compiler.nqp src/QRegex/P6Regex/Optimizer.nqp  > gen/moar/stage2/NQPP6QRegex.nqp
/home/coke/sandbox/perl6-roast-data/nqp.moar-jit/install/bin/moar --libpath=gen/moar/stage1 gen/moar/stage1/nqp.moarvm --bootstrap --module-path=gen/moar/stage2 --setting-path=gen/moar/stage2 \
    --setting=NQPCORE --no-regex-lib --target=mbc \
    --output=gen/moar/stage2/NQPP6QRegex.moarvm gen/moar/stage2/NQPP6QRegex.nqp
/home/coke/perl5/perlbrew/perls/perl-5.20.1/bin/perl -MExtUtils::Command -e mkpath gen/moar/stage2/gen
/home/coke/perl5/perlbrew/perls/perl-5.20.1/bin/perl tools/build/gen-version.pl > gen/moar/stage2/nqp-config.nqp
/home/coke/perl5/perlbrew/perls/perl-5.20.1/bin/perl tools/build/gen-cat.pl moar src/vm/moar/NQP/Ops.nqp src/NQP/World.nqp src/NQP/Grammar.nqp src/NQP/Optimizer.nqp src/NQP/Actions.nqp src/NQP/Compiler.nqp  gen/moar/stage2/nqp-config.nqp > gen/moar/stage2/NQP.nqp
/home/coke/sandbox/perl6-roast-data/nqp.moar-jit/install/bin/moar --libpath=gen/moar/stage1 gen/moar/stage1/nqp.moarvm --bootstrap --module-path=gen/moar/stage2 --setting-path=gen/moar/stage2 \
    --setting=NQPCORE --target=mbc --no-regex-lib \
    --output=gen/moar/stage2/nqp.moarvm gen/moar/stage2/NQP.nqp
/home/coke/perl5/perlbrew/perls/perl-5.20.1/bin/perl -MExtUtils::Command -e cp gen/moar/stage2/nqpmo.moarvm .
/home/coke/perl5/perlbrew/perls/perl-5.20.1/bin/perl -MExtUtils::Command -e cp gen/moar/stage2/ModuleLoader.moarvm .
/home/coke/perl5/perlbrew/perls/perl-5.20.1/bin/perl -MExtUtils::Command -e cp gen/moar/stage2/NQPCORE.setting.moarvm .
/home/coke/perl5/perlbrew/perls/perl-5.20.1/bin/perl -MExtUtils::Command -e cp gen/moar/stage2/QASTNode.moarvm .
/home/coke/perl5/perlbrew/perls/perl-5.20.1/bin/perl -MExtUtils::Command -e cp gen/moar/stage2/QRegex.moarvm .
/home/coke/perl5/perlbrew/perls/perl-5.20.1/bin/perl -MExtUtils::Command -e cp gen/moar/stage2/NQPHLL.moarvm .
/home/coke/perl5/perlbrew/perls/perl-5.20.1/bin/perl -MExtUtils::Command -e cp gen/moar/stage2/MASTOps.moarvm .
/home/coke/perl5/perlbrew/perls/perl-5.20.1/bin/perl -MExtUtils::Command -e cp gen/moar/stage2/MASTNodes.moarvm .
/home/coke/perl5/perlbrew/perls/perl-5.20.1/bin/perl -MExtUtils::Command -e cp gen/moar/stage2/QAST.moarvm .
/home/coke/perl5/perlbrew/perls/perl-5.20.1/bin/perl -MExtUtils::Command -e cp gen/moar/stage2/NQPP6QRegex.moarvm .
/home/coke/perl5/perlbrew/perls/perl-5.20.1/bin/perl -MExtUtils::Command -e cp gen/moar/stage2/nqp.moarvm .
/home/coke/perl5/perlbrew/perls/perl-5.20.1/bin/perl -MExtUtils::Command -e mkpath gen/moar/stage2/gen
/home/coke/perl5/perlbrew/perls/perl-5.20.1/bin/perl tools/build/gen-cat.pl moar src/QRegex/P5Regex/Grammar.nqp src/QRegex/P5Regex/Actions.nqp src/QRegex/P5Regex/Compiler.nqp  > gen/moar/stage2/NQPP5QRegex.nqp
./nqp-m --target=mbc --output=NQPP5QRegex.moarvm \
    gen/moar/stage2/NQPP5QRegex.nqp
prove -r --exec "./nqp-m" t/nqp t/hll t/qregex t/p5regex t/qast t/moar t/serialization t/nativecall
t/nqp/01-literals.t ................... ok
t/nqp/02-if.t ......................... ok
t/nqp/03-if-else.t .................... ok
t/nqp/04-unless.t ..................... ok
t/nqp/05-comments.t ................... ok
t/nqp/06-args-pos.t ................... ok
t/nqp/07-boolean.t .................... ok
t/nqp/08-blocks.t ..................... ok
t/nqp/09-var.t ........................ ok
t/nqp/10-cmp.t ........................ ok
t/nqp/11-sub.t ........................ ok
t/nqp/12-logical.t .................... ok
t/nqp/13-op.t ......................... ok
t/nqp/14-while.t ...................... ok
t/nqp/15-list.t ....................... ok
t/nqp/16-ternary.t .................... ok
t/nqp/17-positional.t ................. ok
t/nqp/18-associative.t ................ ok
t/nqp/19-file-ops.t ................... ok
t/nqp/20-return.t ..................... ok
t/nqp/21-contextual.t ................. ok
t/nqp/22-optional-args.t .............. ok
t/nqp/23-named-args.t ................. ok
t/nqp/24-module.t ..................... ok
t/nqp/25-class.t ...................... ok
t/nqp/26-methodops.t .................. ok
t/nqp/27-self.t ....................... ok
t/nqp/28-subclass.t ................... ok
t/nqp/29-make.t ....................... ok
t/nqp/31-grammar.t .................... ok
t/nqp/32-protoregex.t ................. ok
t/nqp/33-init.t ....................... ok
t/nqp/34-rxcodeblock.t ................ ok
t/nqp/35-prefix-sigil.t ............... ok
t/nqp/36-callable.t ................... ok
t/nqp/37-slurpy.t ..................... ok
t/nqp/38-quotes.t ..................... ok
t/nqp/39-pointy.t ..................... ok
t/nqp/40-lists.t ...................... ok
t/nqp/41-flat.t ....................... ok
t/nqp/42-cond-loop.t .................. ok
t/nqp/43-package-var.t ................ ok
t/nqp/44-try-catch.t .................. ok
t/nqp/45-smartmatch.t ................. ok
t/nqp/46-charspec.t ................... ok
t/nqp/47-loop-control.t ............... ok
t/nqp/48-closure.t .................... ok
t/nqp/49-regex-interpolation.t ........ ok
t/nqp/50-regex.t ...................... ok
t/nqp/51-multi.t ...................... ok
t/nqp/53-knowhow.t .................... ok
t/nqp/55-multi-method.t ............... ok
t/nqp/56-role.t ....................... ok
t/nqp/57-construction.t ............... ok
t/nqp/58-attrs.t ...................... ok
t/nqp/59-nqpop.t ...................... ok
t/nqp/60-bigint.t ..................... ok
t/nqp/61-mixin.t ...................... ok
t/nqp/62-subst.t ...................... ok
t/nqp/63-slurp.t ...................... ok
t/nqp/64-native.t ..................... ok
t/nqp/65-how.t ........................ ok
t/nqp/66-pararole.t ................... ok
t/nqp/67-container.t .................. ok
t/nqp/68-associative-for.t ............ ok
t/nqp/69-js-keywords-as-identifier.t .. ok
t/nqp/70-invokespec.t ................. ok
t/nqp/71-setboolspec.t ................ ok
t/nqp/72-rolehow.t .................... ok
t/nqp/73-delegation.t ................. ok
t/nqp/74-nfa.t ........................ ok
t/nqp/75-curcode.t .................... ok
t/nqp/76-capture.t .................... ok
t/nqp/77-curlexpad.t .................. ok
t/nqp/78-shell.t ...................... ok
t/nqp/79-callercode.t ................. ok
t/nqp/80-matches.t .................... ok
t/nqp/81-radix.t ...................... ok
t/nqp/82-decode.t ..................... ok
t/nqp/83-log.t ........................ ok
t/nqp/84-loop-labels.t ................ ok
t/nqp/85-type-tester.t ................ ok
/bin/sh: 1: doesnotexist: not found
/bin/sh: 1: doesnotexist: not found
t/nqp/86-pipes.t ...................... ok
t/nqp/87-parametric-6model.t .......... ok
t/hll/01-language.t ................... skipped: design changes, need re-work
t/hll/02-modules.t .................... skipped: design changes, need re-work
t/hll/03-exports.t .................... skipped: design changes (EXPORT now lexical), need re-work
t/hll/04-import.t ..................... skipped: design changes (EXPORT now lexical), need re-work
t/hll/05-commandline.t ................ ok
t/hll/06-sprintf.t .................... ok
t/qregex/01-qregex.t .................. ok
t/p5regex/01-p5regex.t ................ ok
t/qast/01-qast.t ...................... ok
t/moar/01-continuations.t ............. ok
t/serialization/01-basic.t ............ ok
t/serialization/02-types.t ............ ok
t/serialization/03-closures.t ......... ok
t/nativecall/01-basic.t ............... ok
All tests successful.
Files=98, Tests=3611, 107 wallclock secs ( 0.29 usr  0.06 sys + 10.51 cusr  0.68 csys = 11.54 CPU)
Result: PASS
